<?xml version="1.0" encoding="UTF-8"?>
<testsuite xmlns:xsi="http://www.w3.org/2001/XMLSchema-instance" xsi:noNamespaceSchemaLocation="https://maven.apache.org/surefire/maven-surefire-plugin/xsd/surefire-test-report-3.0.xsd" version="3.0" name="org.folio.sample.integration.api.health.OkapiHealthTest" time="10.873" tests="1" errors="0" skipped="0" failures="0">
  <properties>
[...]
</properties>
  <testcase name="testOkStatusReport" classname="org.folio.sample.integration.api.health.OkapiHealthTest" time="1.687">
    <system-out><![CDATA[22:34:54 [] [] [] [] INFO  igContextLoaderUtils Could not detect default configuration classes for test class [org.folio.sample.integration.BaseApiTest]: BaseApiTest does not declare any static, non-private, non-final, nested classes annotated with @Configuration.
22:34:54 [] [] [] [] INFO  tContextBootstrapper Found @SpringBootConfiguration org.folio.sample.Application for test class org.folio.sample.integration.api.health.OkapiHealthTest
                                                              .'  `.
                                                               -``.
                                                               `++`
   -oyyys+-                  ooss-    .--            `hhyo/.   :dh:   ./oyhh`
  oddds-:+.                  dddd:   sdddy            -shhhhy//dddd/+yhhhhs-
 .dddd-                      dddd:   +dddo             .hddddo/dddh/sddddh`
 -dddd.                      dddd:                       .-.  .syys.  .-`
:oddddsooo.   :+syyyys+-     dddd:   /ooo+     .+syyyys+-     osoos+
+sddddsooo. /dddy:-:oddds`   dddd:   odddy   .yddd+--/dddy-   -+++/.
 -dddd.    :dddd`    sdddy   dddd:   odddy  .dddd:    :dddd.   .++.
 -dddd.    hdddy     /dddd:  dddd:   odddy  odddd`    `ddddo
 -dddd.    ddddy     :dddd/  dddd:   odddy  sdddd      dddds
 -dddd.    ydddh     /dddd-  dddd:   odddy  +dddd`    `dddd+
 -dddd.    -dddd.    ydddo   dddd:   odddy  `yddd+    /dddh`
 -dddd.     .sdddo++yddh:    dddd:   odddy   `oddds++sddd+`
 `////`       `:/+o++:.      ////.   -///:      -/+oo+/-

  (  with Spring Boot (v3.0.2))

22:34:55 [] [] [] [] INFO  Version              HV000001: Hibernate Validator 8.0.0.Final
22:34:55 [] [] [] [] INFO  StartupInfoLogger    Starting OkapiHealthTest using Java 17.0.7 with PID 96215 (started by novercash in /Users/novercash/folio/folio-training-backend)
22:34:55 [] [] [] [] INFO  SpringApplication    The following 1 profile is active: "test"
22:34:56 [] [] [] [] INFO  onfigurationDelegate Bootstrapping Spring Data JPA repositories in DEFAULT mode.
22:34:56 [] [] [] [] INFO  onfigurationDelegate Finished Spring Data repository scanning in 55 ms. Found 1 JPA repository interfaces.
22:34:57 [] [] [] [] INFO  dedDatabaseRegistrar Replacing 'dataSource' DataSource bean with embedded version
22:34:57 [] [] [] [] INFO  GenericScope         BeanFactory id=5bc0cd4c-2b7f-34f1-87d6-09b54c785bee
22:34:57 [] [] [] [] INFO  PostProcessorChecker Bean 'org.folio.spring.config.FolioSpringConfiguration' of type [org.folio.spring.config.FolioSpringConfiguration$$SpringCGLIB$$0] is not eligible for getting processed by all BeanPostProcessors (for example: not eligible for auto-proxying)
22:34:57 [] [] [] [] INFO  PostProcessorChecker Bean 'folioExecutionContext' of type [org.springframework.aop.scope.ScopedProxyFactoryBean] is not eligible for getting processed by all BeanPostProcessors (for example: not eligible for auto-proxying)
22:34:57 [] [] [] [] INFO  PostProcessorChecker Bean 'folioExecutionContext' of type [jdk.proxy2.$Proxy135] is not eligible for getting processed by all BeanPostProcessors (for example: not eligible for auto-proxying)
22:34:57 [] [] [] [] INFO  PostProcessorChecker Bean 'io.zonky.test.db.config.EmbeddedDatabaseAutoConfiguration' of type [io.zonky.test.db.config.EmbeddedDatabaseAutoConfiguration$$SpringCGLIB$$0] is not eligible for getting processed by all BeanPostProcessors (for example: not eligible for auto-proxying)
22:34:57 [] [] [] [] INFO  TomcatWebServer      Tomcat initialized with port(s): 0 (http)
22:34:57 [] [] [] [] INFO  DirectJDKLog         Initializing ProtocolHandler ["http-nio-auto-1"]
22:34:57 [] [] [] [] INFO  DirectJDKLog         Starting service [Tomcat]
22:34:57 [] [] [] [] INFO  DirectJDKLog         Starting Servlet engine: [Apache Tomcat/10.1.5]
22:34:57 [] [] [] [] INFO  DirectJDKLog         Initializing Spring embedded WebApplicationContext
22:34:57 [] [] [] [] INFO  erApplicationContext Root WebApplicationContext: initialization completed in 1465 ms
22:34:57 [] [] [] [] WARN  ameterNameDiscoverer Using deprecated '-debug' fallback for parameter name resolution. Compile the affected code with '-parameters' instead or avoid its introspection: io.zonky.test.db.config.EmbeddedDatabaseAutoConfiguration
22:34:57 [] [] [] [] INFO  ImageNameSubstitutor Image name substitution will be performed by: DefaultImageNameSubstitutor (composite of 'ConfigurationFileImageNameSubstitutor' and 'PrefixingImageNameSubstitutor')
22:34:58 [] [] [] [] INFO  ientProviderStrategy Loaded org.testcontainers.dockerclient.UnixSocketClientProviderStrategy from ~/.testcontainers.properties, will try it first
22:34:58 [] [] [] [] INFO  ientProviderStrategy Found Docker environment with local Unix socket (unix:///var/run/docker.sock)
22:34:58 [] [] [] [] INFO  DockerClientFactory  Docker host IP address is localhost
22:34:58 [] [] [] [] INFO  DockerClientFactory  Connected to docker: 
  Server Version: 23.0.5
  API Version: 1.42
  Operating System: Docker Desktop
  Total Memory: 7851 MB
22:34:58 [] [] [] [] INFO  GenericContainer     Creating container for image: testcontainers/ryuk:0.3.4
22:34:59 [] [] [] [] INFO  RegistryAuthLocator  Credential helper/store (docker-credential-desktop) does not have credentials for https://index.docker.io/v1/
22:34:59 [] [] [] [] INFO  GenericContainer     Container testcontainers/ryuk:0.3.4 is starting: 38faad21624330cafb11ef8b602b8813c1d4c080197bfeb4b29e69f1a92d38bc
22:34:59 [] [] [] [] INFO  GenericContainer     Container testcontainers/ryuk:0.3.4 started in PT0.951027S
22:34:59 [] [] [] [] INFO  RyukResourceReaper   Ryuk started - will monitor and terminate Testcontainers containers on JVM exit
22:34:59 [] [] [] [] INFO  DockerClientFactory  Checking the system...
22:34:59 [] [] [] [] INFO  DockerClientFactory  ✔︎ Docker server version should be at least 1.6.0
22:34:59 [] [] [] [] INFO  GenericContainer     Creating container for image: postgres:11-alpine
22:34:59 [] [] [] [] INFO  GenericContainer     Container postgres:11-alpine is starting: 273f8c5d2431924cb0b75f2bbf763ef338126e28df942bea1203019de1ec7a7b
22:35:00 [] [] [] [] INFO  GenericContainer     Container postgres:11-alpine started in PT1.271301S
22:35:00 [] [] [] [] INFO  Slf4jLogConsumer     STDOUT: The files belonging to this database system will be owned by user "postgres".
22:35:00 [] [] [] [] INFO  Slf4jLogConsumer     STDOUT: This user must also own the server process.
22:35:00 [] [] [] [] INFO  Slf4jLogConsumer     STDOUT: 
22:35:00 [] [] [] [] INFO  Slf4jLogConsumer     STDOUT: The database cluster will be initialized with locale "en_US.utf8".
22:35:00 [] [] [] [] INFO  Slf4jLogConsumer     STDOUT: The default database encoding has accordingly been set to "UTF8".
22:35:00 [] [] [] [] INFO  Slf4jLogConsumer     STDOUT: The default text search configuration will be set to "english".
22:35:00 [] [] [] [] INFO  Slf4jLogConsumer     STDOUT: 
22:35:00 [] [] [] [] INFO  Slf4jLogConsumer     STDOUT: Data page checksums are disabled.
22:35:00 [] [] [] [] INFO  Slf4jLogConsumer     STDOUT: 
22:35:00 [] [] [] [] INFO  Slf4jLogConsumer     STDOUT: fixing permissions on existing directory /var/lib/postgresql/data ... ok
22:35:00 [] [] [] [] INFO  Slf4jLogConsumer     STDOUT: creating subdirectories ... ok
22:35:00 [] [] [] [] INFO  Slf4jLogConsumer     STDOUT: selecting default max_connections ... 100
22:35:00 [] [] [] [] INFO  Slf4jLogConsumer     STDOUT: selecting default shared_buffers ... 128MB
22:35:00 [] [] [] [] INFO  Slf4jLogConsumer     STDOUT: selecting default timezone ... UTC
22:35:00 [] [] [] [] INFO  Slf4jLogConsumer     STDOUT: selecting dynamic shared memory implementation ... posix
22:35:00 [] [] [] [] INFO  Slf4jLogConsumer     STDOUT: creating configuration files ... ok
22:35:00 [] [] [] [] INFO  Slf4jLogConsumer     STDOUT: running bootstrap script ... ok
22:35:00 [] [] [] [] INFO  Slf4jLogConsumer     STDERR: sh: locale: not found
22:35:00 [] [] [] [] INFO  Slf4jLogConsumer     STDERR: 2023-06-02 03:35:00.069 UTC [30] WARNING:  no usable system locales were found
22:35:00 [] [] [] [] INFO  Slf4jLogConsumer     STDOUT: performing post-bootstrap initialization ... ok
22:35:00 [] [] [] [] INFO  Slf4jLogConsumer     STDOUT: 
22:35:00 [] [] [] [] INFO  Slf4jLogConsumer     STDOUT: Sync to disk skipped.
22:35:00 [] [] [] [] INFO  Slf4jLogConsumer     STDOUT: The data directory might become corrupt if the operating system crashes.
22:35:00 [] [] [] [] INFO  Slf4jLogConsumer     STDOUT: 
22:35:00 [] [] [] [] INFO  Slf4jLogConsumer     STDOUT: Success. You can now start the database server using:
22:35:00 [] [] [] [] INFO  Slf4jLogConsumer     STDOUT: 
22:35:00 [] [] [] [] INFO  Slf4jLogConsumer     STDOUT:     pg_ctl -D /var/lib/postgresql/data -l logfile start
22:35:00 [] [] [] [] INFO  Slf4jLogConsumer     STDOUT: 
22:35:00 [] [] [] [] INFO  Slf4jLogConsumer     STDERR: 
22:35:00 [] [] [] [] INFO  Slf4jLogConsumer     STDERR: WARNING: enabling "trust" authentication for local connections
22:35:00 [] [] [] [] INFO  Slf4jLogConsumer     STDERR: You can change this by editing pg_hba.conf or using the option -A, or
22:35:00 [] [] [] [] INFO  Slf4jLogConsumer     STDERR: --auth-local and --auth-host, the next time you run initdb.
22:35:00 [] [] [] [] INFO  Slf4jLogConsumer     STDOUT: waiting for server to start....2023-06-02 03:35:00.296 UTC [36] LOG:  listening on Unix socket "/var/run/postgresql/.s.PGSQL.5432"
22:35:00 [] [] [] [] INFO  Slf4jLogConsumer     STDOUT: 2023-06-02 03:35:00.307 UTC [37] LOG:  database system was shut down at 2023-06-02 03:35:00 UTC
22:35:00 [] [] [] [] INFO  Slf4jLogConsumer     STDOUT: 2023-06-02 03:35:00.310 UTC [36] LOG:  database system is ready to accept connections
22:35:00 [] [] [] [] INFO  Slf4jLogConsumer     STDOUT:  done
22:35:00 [] [] [] [] INFO  Slf4jLogConsumer     STDOUT: server started
22:35:00 [] [] [] [] INFO  Slf4jLogConsumer     STDOUT: CREATE DATABASE
22:35:00 [] [] [] [] INFO  Slf4jLogConsumer     STDOUT: 
22:35:00 [] [] [] [] INFO  Slf4jLogConsumer     STDOUT: 
22:35:00 [] [] [] [] INFO  Slf4jLogConsumer     STDOUT: /usr/local/bin/docker-entrypoint.sh: ignoring /docker-entrypoint-initdb.d/*
22:35:00 [] [] [] [] INFO  Slf4jLogConsumer     STDOUT: 
22:35:00 [] [] [] [] INFO  Slf4jLogConsumer     STDOUT: waiting for server to shut down....2023-06-02 03:35:00.647 UTC [36] LOG:  received fast shutdown request
22:35:00 [] [] [] [] INFO  Slf4jLogConsumer     STDOUT: 2023-06-02 03:35:00.647 UTC [36] LOG:  aborting any active transactions
22:35:00 [] [] [] [] INFO  Slf4jLogConsumer     STDOUT: 2023-06-02 03:35:00.652 UTC [36] LOG:  background worker "logical replication launcher" (PID 43) exited with exit code 1
22:35:00 [] [] [] [] INFO  Slf4jLogConsumer     STDOUT: 2023-06-02 03:35:00.652 UTC [38] LOG:  shutting down
22:35:00 [] [] [] [] INFO  Slf4jLogConsumer     STDOUT: 2023-06-02 03:35:00.668 UTC [36] LOG:  database system is shut down
22:35:00 [] [] [] [] INFO  Slf4jLogConsumer     STDOUT:  done
22:35:00 [] [] [] [] INFO  Slf4jLogConsumer     STDOUT: server stopped
22:35:00 [] [] [] [] INFO  Slf4jLogConsumer     STDOUT: 
22:35:00 [] [] [] [] INFO  Slf4jLogConsumer     STDOUT: PostgreSQL init process complete; ready for start up.
22:35:00 [] [] [] [] INFO  Slf4jLogConsumer     STDOUT: 
22:35:00 [] [] [] [] INFO  Slf4jLogConsumer     STDERR: 2023-06-02 03:35:00.773 UTC [1] LOG:  listening on IPv4 address "0.0.0.0", port 5432
22:35:00 [] [] [] [] INFO  Slf4jLogConsumer     STDERR: 2023-06-02 03:35:00.773 UTC [1] LOG:  listening on IPv6 address "::", port 5432
22:35:00 [] [] [] [] INFO  Slf4jLogConsumer     STDERR: 2023-06-02 03:35:00.773 UTC [1] LOG:  listening on Unix socket "/var/run/postgresql/.s.PGSQL.5432"
22:35:00 [] [] [] [] INFO  Slf4jLogConsumer     STDERR: 2023-06-02 03:35:00.798 UTC [51] LOG:  database system was shut down at 2023-06-02 03:35:00 UTC
22:35:00 [] [] [] [] INFO  Slf4jLogConsumer     STDERR: 2023-06-02 03:35:00.805 UTC [1] LOG:  database system is ready to accept connections
22:35:01 [] [] [] [] INFO  LogHelper            HHH000204: Processing PersistenceUnitInfo [name: default]
22:35:01 [] [] [] [] INFO  Version              HHH000412: Hibernate ORM core version 6.1.6.Final
22:35:01 [] [] [] [] WARN  aBuildingOptionsImpl HHH90000021: Encountered deprecated setting [javax.persistence.sharedCache.mode], use [jakarta.persistence.sharedCache.mode] instead
22:35:01 [] [] [] [] WARN  cutionContextManager FolioExecutionScope is not set up. Fallback to default FolioExecutionScope.
22:35:01 [] [] [] [] INFO  DialectFactoryImpl   HHH000400: Using dialect: org.hibernate.dialect.PostgreSQLDialect
22:35:02 [] [] [] [] INFO  JtaPlatformInitiator HHH000490: Using JtaPlatform implementation: [org.hibernate.engine.transaction.jta.platform.internal.NoJtaPlatform]
22:35:02 [] [] [] [] INFO  tyManagerFactoryBean Initialized JPA EntityManagerFactory for persistence unit 'default'
22:35:02 [] [] [] [] WARN  $JpaWebConfiguration spring.jpa.open-in-view is enabled by default. Therefore, database queries may be performed during view rendering. Explicitly configure spring.jpa.open-in-view to disable this warning
22:35:03 [] [] [] [] INFO  ndpointLinksResolver Exposing 1 endpoint(s) beneath base path '/admin'
22:35:03 [] [] [] [] INFO  DirectJDKLog         Starting ProtocolHandler ["http-nio-auto-1"]
22:35:03 [] [] [] [] INFO  TomcatWebServer      Tomcat started on port(s): 60459 (http) with context path ''
22:35:03 [] [] [] [] INFO  StartupInfoLogger    Started OkapiHealthTest in 8.374 seconds (process running for 9.833)
22:35:03 [] [] [] [] INFO  BaseApiTest          Posting class TenantAttributes {
    moduleFrom: null
    moduleTo: mod-training-sample
    purge: true
    parameters: null
} to /_/tenant
22:35:04 [] [] [] [] INFO  DirectJDKLog         Initializing Spring DispatcherServlet 'dispatcherServlet'
22:35:04 [] [] [] [] INFO  FrameworkServlet     Initializing Servlet 'dispatcherServlet'
22:35:04 [] [] [] [] INFO  FrameworkServlet     Completed initialization in 1 ms
22:35:04 [] [test] [] [mod-training-sample] INFO  TenantController     Upgrading tenant...
22:35:04 [] [test] [] [mod-training-sample] INFO  TenantService        About to start liquibase update for tenant [test]
22:35:04 [] [test] [] [mod-training-sample] INFO  Slf4jLogConsumer     STDERR: 2023-06-02 03:35:04.423 UTC [62] ERROR:  relation "test_mod_training_sample.databasechangeloglock" does not exist at character 22
22:35:04 [] [test] [] [mod-training-sample] INFO  Slf4jLogConsumer     STDERR: 2023-06-02 03:35:04.423 UTC [62] STATEMENT:  SELECT COUNT(*) FROM test_mod_training_sample.databasechangeloglock
22:35:04 [] [test] [] [mod-training-sample] INFO  JavaLogger           Successfully acquired change log lock
22:35:04 [] [test] [] [mod-training-sample] INFO  JavaLogger           Reading resource: db/changes/0000-create-book-table.yaml
22:35:04 [] [test] [] [mod-training-sample] INFO  JavaLogger           Creating database history table with name: test_mod_training_sample.databasechangelog
22:35:04 [] [test] [] [mod-training-sample] INFO  JavaLogger           Reading from test_mod_training_sample.databasechangelog
Running Changeset: db/changes/0000-create-book-table.yaml::0000-create-book-table::ncovercash
22:35:04 [] [test] [] [mod-training-sample] INFO  JavaLogger           Table books created
22:35:04 [] [test] [] [mod-training-sample] INFO  JavaLogger           ChangeSet db/changes/0000-create-book-table.yaml::0000-create-book-table::ncovercash ran successfully in 12ms
22:35:04 [] [test] [] [mod-training-sample] INFO  JavaLogger           Successfully released change log lock
22:35:04 [] [test] [] [mod-training-sample] INFO  TenantService        Liquibase update for tenant [test] executed successfully
22:35:04 [] [] [] [] INFO  ddedDatabaseReporter JDBC URL to connect to 'dataSource': url='jdbc:postgresql://localhost:60453/eepxmbmutcbm?stringtype=unspecified?user=postgres&password=docker', scope='OkapiHealthTest#testOkStatusReport'
22:35:04 [] [] [] [] INFO  BaseApiTest          Posting class TenantAttributes {
    moduleFrom: mod-training-sample
    moduleTo: null
    purge: true
    parameters: null
} to /_/tenant
22:35:04 [] [test] [] [mod-training-sample] INFO  TenantController     Disabling tenant...
22:35:04 [] [test] [] [mod-training-sample] INFO  TenantService        Removing [test] tenant...
]]></system-out>
  </testcase>
</testsuite>